<?xml version="1.0" encoding="UTF-8"?>
<testng-results ignored="0" total="1" passed="1" failed="0" skipped="0">
  <reporter-output>
  </reporter-output>
  <suite started-at="2023-10-15T09:57:51 IST" name="Default suite" finished-at="2023-10-15T09:58:07 IST" duration-ms="16186">
    <groups>
    </groups>
    <test started-at="2023-10-15T09:57:51 IST" name="Default test" finished-at="2023-10-15T09:58:07 IST" duration-ms="16186">
      <class name="com.facebook.Test.MessengerTests">
        <test-method signature="openurl()[pri:0, instance:com.facebook.Test.MessengerTests@54422e18]" started-at="2023-10-15T09:57:51 IST" name="openurl" finished-at="2023-10-15T09:58:07 IST" duration-ms="16121" status="PASS">
          <reporter-output>
          </reporter-output>
        </test-method> <!-- openurl -->
      </class> <!-- com.facebook.Test.MessengerTests -->
    </test> <!-- Default test -->
  </suite> <!-- Default suite -->
</testng-results>
