<?xml version="1.0" encoding="UTF-8"?>
<testng-results ignored="0" total="1" passed="1" failed="0" skipped="0">
  <reporter-output>
  </reporter-output>
  <suite started-at="2023-10-19T17:30:37 IST" name="Default suite" finished-at="2023-10-19T17:30:54 IST" duration-ms="17643">
    <groups>
    </groups>
    <test started-at="2023-10-19T17:30:37 IST" name="Default test" finished-at="2023-10-19T17:30:54 IST" duration-ms="17643">
      <class name="com.facebook.Test.LogInTests2DataFromExel">
        <test-method signature="loginWithInvalicredentials()[pri:1, instance:com.facebook.Test.LogInTests2DataFromExel@54422e18]" started-at="2023-10-19T17:30:37 IST" name="loginWithInvalicredentials" finished-at="2023-10-19T17:30:54 IST" duration-ms="17571" status="PASS">
          <reporter-output>
          </reporter-output>
        </test-method> <!-- loginWithInvalicredentials -->
      </class> <!-- com.facebook.Test.LogInTests2DataFromExel -->
    </test> <!-- Default test -->
  </suite> <!-- Default suite -->
</testng-results>
