<?xml version="1.0" encoding="UTF-8"?>
<!-- Generated by org.testng.reporters.JUnitXMLReporter -->
<testsuite ignored="3" hostname="LAPTOP-8GD78RI5" failures="1" tests="1" name="Login Suite" time="12.044" errors="0" timestamp="2023-10-11T12:04:19 IST">
  <testcase classname="com.facebook.Test.LogInTests" name="loginWithValidCredentials" time="6.949">
    <failure type="java.lang.NullPointerException" message="Cannot invoke &amp;quot;java.util.Properties.getProperty(String)&amp;quot; because &amp;quot;com.facebook.Test.LogInTests.prop&amp;quot; is null">
      <![CDATA[java.lang.NullPointerException: Cannot invoke "java.util.Properties.getProperty(String)" because "com.facebook.Test.LogInTests.prop" is null
at com.facebook.Test.LogInTests.loginWithValidCredentials(LogInTests.java:44)
at java.base/java.util.ArrayList.forEach(ArrayList.java:1511)
... Removed 27 stack frames]]>
    </failure>
  </testcase> <!-- loginWithValidCredentials -->
  <testcase classname="com.facebook.Test.LogInTests" name="loginWithInvalidEmail" time="0.0">
    <ignored/>
  </testcase> <!-- loginWithInvalidEmail -->
  <testcase classname="com.facebook.Test.LogInTests2" name="loginWithInvalicredentials" time="0.0">
    <ignored/>
  </testcase> <!-- loginWithInvalicredentials -->
  <testcase classname="com.facebook.Test.LogInTests" name="loginWithInvalidPass" time="0.0">
    <ignored/>
  </testcase> <!-- loginWithInvalidPass -->
</testsuite> <!-- Login Suite -->
